INSERT INTO `test`.`ecs_sessions` (sesskey, expiry, ip, data) VALUES ('8373da0155d4f959e211c15879962286', '1478651035', '127.0.0.1', 'a:0:{}')

SELECT * FROM `test`.`ecs_touch_nav`
            WHERE ifshow = '1' ORDER BY type, vieworder

select region_name from `test`.`ecs_region` where region_id in (1,6,80)

SELECT count(*) FROM `test`.`ecs_category` WHERE parent_id = '0' AND is_show = 1 

SELECT cat_id,cat_name ,parent_id, is_show, cat_ico FROM `test`.`ecs_category`WHERE parent_id = '0' AND is_show = 1 ORDER BY sort_order ASC, cat_id ASC

SELECT count(*) FROM `test`.`ecs_category` WHERE parent_id = '325' AND is_show = 1 

SELECT cat_id, cat_name, parent_id, is_show FROM `test`.`ecs_category`WHERE parent_id = '325' AND is_show = 1 ORDER BY sort_order ASC, cat_id ASC

SELECT count(*) FROM `test`.`ecs_category` WHERE parent_id = '4' AND is_show = 1 

SELECT cat_id, cat_name, parent_id, is_show FROM `test`.`ecs_category`WHERE parent_id = '4' AND is_show = 1 ORDER BY sort_order ASC, cat_id ASC

SELECT count(*) FROM `test`.`ecs_category` WHERE parent_id = '23' AND is_show = 1 

SELECT count(*) FROM `test`.`ecs_category` WHERE parent_id = '24' AND is_show = 1 

SELECT count(*) FROM `test`.`ecs_category` WHERE parent_id = '25' AND is_show = 1 

SELECT count(*) FROM `test`.`ecs_category` WHERE parent_id = '69' AND is_show = 1 

SELECT count(*) FROM `test`.`ecs_category` WHERE parent_id = '74' AND is_show = 1 

SELECT count(*) FROM `test`.`ecs_category` WHERE parent_id = '88' AND is_show = 1 

SELECT count(*) FROM `test`.`ecs_category` WHERE parent_id = '226' AND is_show = 1 

SELECT count(*) FROM `test`.`ecs_category` WHERE parent_id = '227' AND is_show = 1 

SELECT count(*) FROM `test`.`ecs_category` WHERE parent_id = '228' AND is_show = 1 

SELECT count(*) FROM `test`.`ecs_category` WHERE parent_id = '229' AND is_show = 1 

SELECT cat_id, cat_name, parent_id, is_show FROM `test`.`ecs_category`WHERE parent_id = '229' AND is_show = 1 ORDER BY sort_order ASC, cat_id ASC

SELECT count(*) FROM `test`.`ecs_category` WHERE parent_id = '230' AND is_show = 1 

SELECT count(*) FROM `test`.`ecs_category` WHERE parent_id = '231' AND is_show = 1 

SELECT count(*) FROM `test`.`ecs_category` WHERE parent_id = '232' AND is_show = 1 

SELECT count(*) FROM `test`.`ecs_category` WHERE parent_id = '233' AND is_show = 1 

SELECT count(*) FROM `test`.`ecs_category` WHERE parent_id = '234' AND is_show = 1 

SELECT count(*) FROM `test`.`ecs_category` WHERE parent_id = '235' AND is_show = 1 

SELECT count(*) FROM `test`.`ecs_category` WHERE parent_id = '236' AND is_show = 1 

SELECT count(*) FROM `test`.`ecs_category` WHERE parent_id = '237' AND is_show = 1 

SELECT count(*) FROM `test`.`ecs_category` WHERE parent_id = '238' AND is_show = 1 

SELECT count(*) FROM `test`.`ecs_category` WHERE parent_id = '239' AND is_show = 1 

SELECT count(*) FROM `test`.`ecs_category` WHERE parent_id = '240' AND is_show = 1 

SELECT cat_id, cat_name, parent_id, is_show FROM `test`.`ecs_category`WHERE parent_id = '240' AND is_show = 1 ORDER BY sort_order ASC, cat_id ASC

SELECT count(*) FROM `test`.`ecs_category` WHERE parent_id = '241' AND is_show = 1 

SELECT count(*) FROM `test`.`ecs_category` WHERE parent_id = '242' AND is_show = 1 

SELECT count(*) FROM `test`.`ecs_category` WHERE parent_id = '243' AND is_show = 1 

SELECT count(*) FROM `test`.`ecs_category` WHERE parent_id = '244' AND is_show = 1 

SELECT count(*) FROM `test`.`ecs_category` WHERE parent_id = '245' AND is_show = 1 

SELECT count(*) FROM `test`.`ecs_category` WHERE parent_id = '246' AND is_show = 1 

SELECT count(*) FROM `test`.`ecs_category` WHERE parent_id = '247' AND is_show = 1 

SELECT count(*) FROM `test`.`ecs_category` WHERE parent_id = '248' AND is_show = 1 

SELECT cat_id, cat_name, parent_id, is_show FROM `test`.`ecs_category`WHERE parent_id = '248' AND is_show = 1 ORDER BY sort_order ASC, cat_id ASC

SELECT count(*) FROM `test`.`ecs_category` WHERE parent_id = '249' AND is_show = 1 

SELECT count(*) FROM `test`.`ecs_category` WHERE parent_id = '250' AND is_show = 1 

SELECT count(*) FROM `test`.`ecs_category` WHERE parent_id = '251' AND is_show = 1 

SELECT count(*) FROM `test`.`ecs_category` WHERE parent_id = '252' AND is_show = 1 

SELECT count(*) FROM `test`.`ecs_category` WHERE parent_id = '253' AND is_show = 1 

SELECT count(*) FROM `test`.`ecs_category` WHERE parent_id = '254' AND is_show = 1 

SELECT count(*) FROM `test`.`ecs_category` WHERE parent_id = '255' AND is_show = 1 

SELECT cat_id, cat_name, parent_id, is_show FROM `test`.`ecs_category`WHERE parent_id = '255' AND is_show = 1 ORDER BY sort_order ASC, cat_id ASC

SELECT count(*) FROM `test`.`ecs_category` WHERE parent_id = '256' AND is_show = 1 

SELECT count(*) FROM `test`.`ecs_category` WHERE parent_id = '257' AND is_show = 1 

SELECT count(*) FROM `test`.`ecs_category` WHERE parent_id = '258' AND is_show = 1 

SELECT count(*) FROM `test`.`ecs_category` WHERE parent_id = '259' AND is_show = 1 

SELECT count(*) FROM `test`.`ecs_category` WHERE parent_id = '260' AND is_show = 1 

SELECT count(*) FROM `test`.`ecs_category` WHERE parent_id = '261' AND is_show = 1 

SELECT count(*) FROM `test`.`ecs_category` WHERE parent_id = '262' AND is_show = 1 

SELECT count(*) FROM `test`.`ecs_category` WHERE parent_id = '326' AND is_show = 1 

SELECT cat_id, cat_name, parent_id, is_show FROM `test`.`ecs_category`WHERE parent_id = '326' AND is_show = 1 ORDER BY sort_order ASC, cat_id ASC

SELECT count(*) FROM `test`.`ecs_category` WHERE parent_id = '277' AND is_show = 1 

SELECT cat_id, cat_name, parent_id, is_show FROM `test`.`ecs_category`WHERE parent_id = '277' AND is_show = 1 ORDER BY sort_order ASC, cat_id ASC

SELECT count(*) FROM `test`.`ecs_category` WHERE parent_id = '278' AND is_show = 1 

SELECT count(*) FROM `test`.`ecs_category` WHERE parent_id = '279' AND is_show = 1 

SELECT count(*) FROM `test`.`ecs_category` WHERE parent_id = '280' AND is_show = 1 

SELECT count(*) FROM `test`.`ecs_category` WHERE parent_id = '281' AND is_show = 1 

SELECT count(*) FROM `test`.`ecs_category` WHERE parent_id = '282' AND is_show = 1 

SELECT count(*) FROM `test`.`ecs_category` WHERE parent_id = '283' AND is_show = 1 

SELECT count(*) FROM `test`.`ecs_category` WHERE parent_id = '298' AND is_show = 1 

SELECT cat_id, cat_name, parent_id, is_show FROM `test`.`ecs_category`WHERE parent_id = '298' AND is_show = 1 ORDER BY sort_order ASC, cat_id ASC

SELECT count(*) FROM `test`.`ecs_category` WHERE parent_id = '299' AND is_show = 1 

SELECT count(*) FROM `test`.`ecs_category` WHERE parent_id = '300' AND is_show = 1 

SELECT count(*) FROM `test`.`ecs_category` WHERE parent_id = '292' AND is_show = 1 

SELECT cat_id, cat_name, parent_id, is_show FROM `test`.`ecs_category`WHERE parent_id = '292' AND is_show = 1 ORDER BY sort_order ASC, cat_id ASC

SELECT count(*) FROM `test`.`ecs_category` WHERE parent_id = '293' AND is_show = 1 

SELECT count(*) FROM `test`.`ecs_category` WHERE parent_id = '295' AND is_show = 1 

SELECT count(*) FROM `test`.`ecs_category` WHERE parent_id = '296' AND is_show = 1 

SELECT count(*) FROM `test`.`ecs_category` WHERE parent_id = '297' AND is_show = 1 

SELECT count(*) FROM `test`.`ecs_category` WHERE parent_id = '321' AND is_show = 1 

SELECT count(*) FROM `test`.`ecs_category` WHERE parent_id = '284' AND is_show = 1 

SELECT cat_id, cat_name, parent_id, is_show FROM `test`.`ecs_category`WHERE parent_id = '284' AND is_show = 1 ORDER BY sort_order ASC, cat_id ASC

SELECT count(*) FROM `test`.`ecs_category` WHERE parent_id = '285' AND is_show = 1 

SELECT count(*) FROM `test`.`ecs_category` WHERE parent_id = '286' AND is_show = 1 

SELECT count(*) FROM `test`.`ecs_category` WHERE parent_id = '287' AND is_show = 1 

SELECT count(*) FROM `test`.`ecs_category` WHERE parent_id = '288' AND is_show = 1 

SELECT count(*) FROM `test`.`ecs_category` WHERE parent_id = '289' AND is_show = 1 

SELECT count(*) FROM `test`.`ecs_category` WHERE parent_id = '290' AND is_show = 1 

SELECT count(*) FROM `test`.`ecs_category` WHERE parent_id = '291' AND is_show = 1 

SELECT count(*) FROM `test`.`ecs_category` WHERE parent_id = '525' AND is_show = 1 

SELECT cat_id, cat_name, parent_id, is_show FROM `test`.`ecs_category`WHERE parent_id = '525' AND is_show = 1 ORDER BY sort_order ASC, cat_id ASC

SELECT count(*) FROM `test`.`ecs_category` WHERE parent_id = '526' AND is_show = 1 

SELECT count(*) FROM `test`.`ecs_category` WHERE parent_id = '527' AND is_show = 1 

SELECT count(*) FROM `test`.`ecs_category` WHERE parent_id = '528' AND is_show = 1 

SELECT count(*) FROM `test`.`ecs_category` WHERE parent_id = '502' AND is_show = 1 

SELECT cat_id, cat_name, parent_id, is_show FROM `test`.`ecs_category`WHERE parent_id = '502' AND is_show = 1 ORDER BY sort_order ASC, cat_id ASC

SELECT count(*) FROM `test`.`ecs_category` WHERE parent_id = '263' AND is_show = 1 

SELECT cat_id, cat_name, parent_id, is_show FROM `test`.`ecs_category`WHERE parent_id = '263' AND is_show = 1 ORDER BY sort_order ASC, cat_id ASC

SELECT count(*) FROM `test`.`ecs_category` WHERE parent_id = '264' AND is_show = 1 

SELECT count(*) FROM `test`.`ecs_category` WHERE parent_id = '265' AND is_show = 1 

SELECT count(*) FROM `test`.`ecs_category` WHERE parent_id = '266' AND is_show = 1 

SELECT count(*) FROM `test`.`ecs_category` WHERE parent_id = '267' AND is_show = 1 

SELECT count(*) FROM `test`.`ecs_category` WHERE parent_id = '268' AND is_show = 1 

SELECT count(*) FROM `test`.`ecs_category` WHERE parent_id = '269' AND is_show = 1 

SELECT count(*) FROM `test`.`ecs_category` WHERE parent_id = '503' AND is_show = 1 

SELECT cat_id, cat_name, parent_id, is_show FROM `test`.`ecs_category`WHERE parent_id = '503' AND is_show = 1 ORDER BY sort_order ASC, cat_id ASC

SELECT count(*) FROM `test`.`ecs_category` WHERE parent_id = '270' AND is_show = 1 

SELECT cat_id, cat_name, parent_id, is_show FROM `test`.`ecs_category`WHERE parent_id = '270' AND is_show = 1 ORDER BY sort_order ASC, cat_id ASC

SELECT count(*) FROM `test`.`ecs_category` WHERE parent_id = '271' AND is_show = 1 

SELECT count(*) FROM `test`.`ecs_category` WHERE parent_id = '272' AND is_show = 1 

SELECT count(*) FROM `test`.`ecs_category` WHERE parent_id = '273' AND is_show = 1 

SELECT count(*) FROM `test`.`ecs_category` WHERE parent_id = '274' AND is_show = 1 

SELECT count(*) FROM `test`.`ecs_category` WHERE parent_id = '275' AND is_show = 1 

SELECT count(*) FROM `test`.`ecs_category` WHERE parent_id = '276' AND is_show = 1 

SELECT count(*) FROM `test`.`ecs_category` WHERE parent_id = '507' AND is_show = 1 

SELECT cat_id, cat_name, parent_id, is_show FROM `test`.`ecs_category`WHERE parent_id = '507' AND is_show = 1 ORDER BY sort_order ASC, cat_id ASC

SELECT count(*) FROM `test`.`ecs_category` WHERE parent_id = '508' AND is_show = 1 

SELECT cat_id, cat_name, parent_id, is_show FROM `test`.`ecs_category`WHERE parent_id = '508' AND is_show = 1 ORDER BY sort_order ASC, cat_id ASC

SELECT count(*) FROM `test`.`ecs_category` WHERE parent_id = '509' AND is_show = 1 

SELECT count(*) FROM `test`.`ecs_category` WHERE parent_id = '510' AND is_show = 1 

SELECT count(*) FROM `test`.`ecs_category` WHERE parent_id = '511' AND is_show = 1 

SELECT count(*) FROM `test`.`ecs_category` WHERE parent_id = '512' AND is_show = 1 

SELECT count(*) FROM `test`.`ecs_category` WHERE parent_id = '513' AND is_show = 1 

SELECT count(*) FROM `test`.`ecs_category` WHERE parent_id = '506' AND is_show = 1 

SELECT cat_id, cat_name, parent_id, is_show FROM `test`.`ecs_category`WHERE parent_id = '506' AND is_show = 1 ORDER BY sort_order ASC, cat_id ASC

SELECT count(*) FROM `test`.`ecs_category` WHERE parent_id = '301' AND is_show = 1 

SELECT cat_id, cat_name, parent_id, is_show FROM `test`.`ecs_category`WHERE parent_id = '301' AND is_show = 1 ORDER BY sort_order ASC, cat_id ASC

SELECT count(*) FROM `test`.`ecs_category` WHERE parent_id = '302' AND is_show = 1 

SELECT count(*) FROM `test`.`ecs_category` WHERE parent_id = '576' AND is_show = 1 

SELECT count(*) FROM `test`.`ecs_category` WHERE parent_id = '577' AND is_show = 1 

SELECT count(*) FROM `test`.`ecs_category` WHERE parent_id = '573' AND is_show = 1 

SELECT cat_id, cat_name, parent_id, is_show FROM `test`.`ecs_category`WHERE parent_id = '573' AND is_show = 1 ORDER BY sort_order ASC, cat_id ASC

SELECT count(*) FROM `test`.`ecs_category` WHERE parent_id = '303' AND is_show = 1 

SELECT count(*) FROM `test`.`ecs_category` WHERE parent_id = '574' AND is_show = 1 

SELECT count(*) FROM `test`.`ecs_category` WHERE parent_id = '575' AND is_show = 1 

SELECT count(*) FROM `test`.`ecs_category` WHERE parent_id = '515' AND is_show = 1 

SELECT cat_id, cat_name, parent_id, is_show FROM `test`.`ecs_category`WHERE parent_id = '515' AND is_show = 1 ORDER BY sort_order ASC, cat_id ASC

SELECT count(*) FROM `test`.`ecs_category` WHERE parent_id = '504' AND is_show = 1 

SELECT cat_id, cat_name, parent_id, is_show FROM `test`.`ecs_category`WHERE parent_id = '504' AND is_show = 1 ORDER BY sort_order ASC, cat_id ASC

SELECT count(*) FROM `test`.`ecs_category` WHERE parent_id = '307' AND is_show = 1 

SELECT cat_id, cat_name, parent_id, is_show FROM `test`.`ecs_category`WHERE parent_id = '307' AND is_show = 1 ORDER BY sort_order ASC, cat_id ASC

SELECT count(*) FROM `test`.`ecs_category` WHERE parent_id = '308' AND is_show = 1 

SELECT count(*) FROM `test`.`ecs_category` WHERE parent_id = '309' AND is_show = 1 

SELECT count(*) FROM `test`.`ecs_category` WHERE parent_id = '310' AND is_show = 1 

SELECT count(*) FROM `test`.`ecs_category` WHERE parent_id = '516' AND is_show = 1 

SELECT cat_id, cat_name, parent_id, is_show FROM `test`.`ecs_category`WHERE parent_id = '516' AND is_show = 1 ORDER BY sort_order ASC, cat_id ASC

SELECT count(*) FROM `test`.`ecs_category` WHERE parent_id = '517' AND is_show = 1 

SELECT count(*) FROM `test`.`ecs_category` WHERE parent_id = '518' AND is_show = 1 

SELECT count(*) FROM `test`.`ecs_category` WHERE parent_id = '519' AND is_show = 1 

SELECT count(*) FROM `test`.`ecs_category` WHERE parent_id = '530' AND is_show = 1 

SELECT count(*) FROM `test`.`ecs_category` WHERE parent_id = '514' AND is_show = 1 

SELECT cat_id, cat_name, parent_id, is_show FROM `test`.`ecs_category`WHERE parent_id = '514' AND is_show = 1 ORDER BY sort_order ASC, cat_id ASC

SELECT count(*) FROM `test`.`ecs_category` WHERE parent_id = '520' AND is_show = 1 

SELECT cat_id, cat_name, parent_id, is_show FROM `test`.`ecs_category`WHERE parent_id = '520' AND is_show = 1 ORDER BY sort_order ASC, cat_id ASC

SELECT count(*) FROM `test`.`ecs_category` WHERE parent_id = '521' AND is_show = 1 

SELECT count(*) FROM `test`.`ecs_category` WHERE parent_id = '522' AND is_show = 1 

SELECT count(*) FROM `test`.`ecs_category` WHERE parent_id = '523' AND is_show = 1 

SELECT count(*) FROM `test`.`ecs_category` WHERE parent_id = '524' AND is_show = 1 

SELECT count(*) FROM `test`.`ecs_category` WHERE parent_id = '311' AND is_show = 1 

SELECT cat_id, cat_name, parent_id, is_show FROM `test`.`ecs_category`WHERE parent_id = '311' AND is_show = 1 ORDER BY sort_order ASC, cat_id ASC

SELECT count(*) FROM `test`.`ecs_category` WHERE parent_id = '312' AND is_show = 1 

SELECT cat_id, cat_name, parent_id, is_show FROM `test`.`ecs_category`WHERE parent_id = '312' AND is_show = 1 ORDER BY sort_order ASC, cat_id ASC

SELECT count(*) FROM `test`.`ecs_category` WHERE parent_id = '339' AND is_show = 1 

SELECT count(*) FROM `test`.`ecs_category` WHERE parent_id = '340' AND is_show = 1 

SELECT count(*) FROM `test`.`ecs_category` WHERE parent_id = '341' AND is_show = 1 

SELECT count(*) FROM `test`.`ecs_category` WHERE parent_id = '342' AND is_show = 1 

SELECT count(*) FROM `test`.`ecs_category` WHERE parent_id = '343' AND is_show = 1 

SELECT count(*) FROM `test`.`ecs_category` WHERE parent_id = '344' AND is_show = 1 

SELECT count(*) FROM `test`.`ecs_category` WHERE parent_id = '345' AND is_show = 1 

SELECT count(*) FROM `test`.`ecs_category` WHERE parent_id = '346' AND is_show = 1 

SELECT count(*) FROM `test`.`ecs_category` WHERE parent_id = '347' AND is_show = 1 

SELECT count(*) FROM `test`.`ecs_category` WHERE parent_id = '348' AND is_show = 1 

SELECT count(*) FROM `test`.`ecs_category` WHERE parent_id = '349' AND is_show = 1 

SELECT count(*) FROM `test`.`ecs_category` WHERE parent_id = '350' AND is_show = 1 

SELECT count(*) FROM `test`.`ecs_category` WHERE parent_id = '351' AND is_show = 1 

SELECT count(*) FROM `test`.`ecs_category` WHERE parent_id = '352' AND is_show = 1 

SELECT count(*) FROM `test`.`ecs_category` WHERE parent_id = '353' AND is_show = 1 

SELECT count(*) FROM `test`.`ecs_category` WHERE parent_id = '354' AND is_show = 1 

SELECT count(*) FROM `test`.`ecs_category` WHERE parent_id = '320' AND is_show = 1 

SELECT cat_id, cat_name, parent_id, is_show FROM `test`.`ecs_category`WHERE parent_id = '320' AND is_show = 1 ORDER BY sort_order ASC, cat_id ASC

SELECT count(*) FROM `test`.`ecs_category` WHERE parent_id = '355' AND is_show = 1 

SELECT count(*) FROM `test`.`ecs_category` WHERE parent_id = '356' AND is_show = 1 

SELECT count(*) FROM `test`.`ecs_category` WHERE parent_id = '357' AND is_show = 1 

SELECT count(*) FROM `test`.`ecs_category` WHERE parent_id = '358' AND is_show = 1 

SELECT count(*) FROM `test`.`ecs_category` WHERE parent_id = '359' AND is_show = 1 

SELECT count(*) FROM `test`.`ecs_category` WHERE parent_id = '360' AND is_show = 1 

SELECT count(*) FROM `test`.`ecs_category` WHERE parent_id = '361' AND is_show = 1 

SELECT count(*) FROM `test`.`ecs_category` WHERE parent_id = '362' AND is_show = 1 

SELECT count(*) FROM `test`.`ecs_category` WHERE parent_id = '363' AND is_show = 1 

SELECT count(*) FROM `test`.`ecs_category` WHERE parent_id = '364' AND is_show = 1 

SELECT count(*) FROM `test`.`ecs_category` WHERE parent_id = '365' AND is_show = 1 

SELECT count(*) FROM `test`.`ecs_category` WHERE parent_id = '366' AND is_show = 1 

SELECT count(*) FROM `test`.`ecs_category` WHERE parent_id = '367' AND is_show = 1 

SELECT count(*) FROM `test`.`ecs_category` WHERE parent_id = '368' AND is_show = 1 

SELECT count(*) FROM `test`.`ecs_category` WHERE parent_id = '314' AND is_show = 1 

SELECT cat_id, cat_name, parent_id, is_show FROM `test`.`ecs_category`WHERE parent_id = '314' AND is_show = 1 ORDER BY sort_order ASC, cat_id ASC

SELECT count(*) FROM `test`.`ecs_category` WHERE parent_id = '369' AND is_show = 1 

SELECT count(*) FROM `test`.`ecs_category` WHERE parent_id = '370' AND is_show = 1 

SELECT count(*) FROM `test`.`ecs_category` WHERE parent_id = '371' AND is_show = 1 

SELECT count(*) FROM `test`.`ecs_category` WHERE parent_id = '372' AND is_show = 1 

SELECT count(*) FROM `test`.`ecs_category` WHERE parent_id = '373' AND is_show = 1 

SELECT count(*) FROM `test`.`ecs_category` WHERE parent_id = '374' AND is_show = 1 

SELECT count(*) FROM `test`.`ecs_category` WHERE parent_id = '375' AND is_show = 1 

SELECT count(*) FROM `test`.`ecs_category` WHERE parent_id = '376' AND is_show = 1 

SELECT count(*) FROM `test`.`ecs_category` WHERE parent_id = '377' AND is_show = 1 

SELECT count(*) FROM `test`.`ecs_category` WHERE parent_id = '378' AND is_show = 1 

SELECT count(*) FROM `test`.`ecs_category` WHERE parent_id = '379' AND is_show = 1 

SELECT count(*) FROM `test`.`ecs_category` WHERE parent_id = '319' AND is_show = 1 

SELECT cat_id, cat_name, parent_id, is_show FROM `test`.`ecs_category`WHERE parent_id = '319' AND is_show = 1 ORDER BY sort_order ASC, cat_id ASC

SELECT count(*) FROM `test`.`ecs_category` WHERE parent_id = '380' AND is_show = 1 

SELECT count(*) FROM `test`.`ecs_category` WHERE parent_id = '381' AND is_show = 1 

SELECT count(*) FROM `test`.`ecs_category` WHERE parent_id = '382' AND is_show = 1 

SELECT count(*) FROM `test`.`ecs_category` WHERE parent_id = '383' AND is_show = 1 

SELECT count(*) FROM `test`.`ecs_category` WHERE parent_id = '384' AND is_show = 1 

SELECT count(*) FROM `test`.`ecs_category` WHERE parent_id = '385' AND is_show = 1 

SELECT count(*) FROM `test`.`ecs_category` WHERE parent_id = '386' AND is_show = 1 

SELECT count(*) FROM `test`.`ecs_category` WHERE parent_id = '387' AND is_show = 1 

SELECT count(*) FROM `test`.`ecs_category` WHERE parent_id = '388' AND is_show = 1 

SELECT count(*) FROM `test`.`ecs_category` WHERE parent_id = '389' AND is_show = 1 

SELECT count(*) FROM `test`.`ecs_category` WHERE parent_id = '390' AND is_show = 1 

SELECT count(*) FROM `test`.`ecs_category` WHERE parent_id = '391' AND is_show = 1 

SELECT count(*) FROM `test`.`ecs_category` WHERE parent_id = '392' AND is_show = 1 

SELECT count(*) FROM `test`.`ecs_category` WHERE parent_id = '393' AND is_show = 1 

SELECT count(*) FROM `test`.`ecs_category` WHERE parent_id = '394' AND is_show = 1 

SELECT count(*) FROM `test`.`ecs_category` WHERE parent_id = '395' AND is_show = 1 

SELECT count(*) FROM `test`.`ecs_category` WHERE parent_id = '396' AND is_show = 1 

SELECT count(*) FROM `test`.`ecs_category` WHERE parent_id = '315' AND is_show = 1 

SELECT cat_id, cat_name, parent_id, is_show FROM `test`.`ecs_category`WHERE parent_id = '315' AND is_show = 1 ORDER BY sort_order ASC, cat_id ASC

SELECT count(*) FROM `test`.`ecs_category` WHERE parent_id = '397' AND is_show = 1 

SELECT count(*) FROM `test`.`ecs_category` WHERE parent_id = '398' AND is_show = 1 

SELECT count(*) FROM `test`.`ecs_category` WHERE parent_id = '399' AND is_show = 1 

SELECT count(*) FROM `test`.`ecs_category` WHERE parent_id = '400' AND is_show = 1 

SELECT count(*) FROM `test`.`ecs_category` WHERE parent_id = '401' AND is_show = 1 

SELECT count(*) FROM `test`.`ecs_category` WHERE parent_id = '402' AND is_show = 1 

SELECT count(*) FROM `test`.`ecs_category` WHERE parent_id = '403' AND is_show = 1 

SELECT count(*) FROM `test`.`ecs_category` WHERE parent_id = '404' AND is_show = 1 

SELECT count(*) FROM `test`.`ecs_category` WHERE parent_id = '405' AND is_show = 1 

SELECT count(*) FROM `test`.`ecs_category` WHERE parent_id = '529' AND is_show = 1 

SELECT cat_id, cat_name, parent_id, is_show FROM `test`.`ecs_category`WHERE parent_id = '529' AND is_show = 1 ORDER BY sort_order ASC, cat_id ASC

SELECT count(*) FROM `test`.`ecs_category` WHERE parent_id = '531' AND is_show = 1 

SELECT cat_id, cat_name, parent_id, is_show FROM `test`.`ecs_category`WHERE parent_id = '531' AND is_show = 1 ORDER BY sort_order ASC, cat_id ASC

SELECT count(*) FROM `test`.`ecs_category` WHERE parent_id = '538' AND is_show = 1 

SELECT count(*) FROM `test`.`ecs_category` WHERE parent_id = '539' AND is_show = 1 

SELECT count(*) FROM `test`.`ecs_category` WHERE parent_id = '540' AND is_show = 1 

SELECT count(*) FROM `test`.`ecs_category` WHERE parent_id = '541' AND is_show = 1 

SELECT count(*) FROM `test`.`ecs_category` WHERE parent_id = '542' AND is_show = 1 

SELECT count(*) FROM `test`.`ecs_category` WHERE parent_id = '532' AND is_show = 1 

SELECT cat_id, cat_name, parent_id, is_show FROM `test`.`ecs_category`WHERE parent_id = '532' AND is_show = 1 ORDER BY sort_order ASC, cat_id ASC

SELECT count(*) FROM `test`.`ecs_category` WHERE parent_id = '543' AND is_show = 1 

SELECT count(*) FROM `test`.`ecs_category` WHERE parent_id = '544' AND is_show = 1 

SELECT count(*) FROM `test`.`ecs_category` WHERE parent_id = '545' AND is_show = 1 

SELECT count(*) FROM `test`.`ecs_category` WHERE parent_id = '546' AND is_show = 1 

SELECT count(*) FROM `test`.`ecs_category` WHERE parent_id = '547' AND is_show = 1 

SELECT count(*) FROM `test`.`ecs_category` WHERE parent_id = '533' AND is_show = 1 

SELECT cat_id, cat_name, parent_id, is_show FROM `test`.`ecs_category`WHERE parent_id = '533' AND is_show = 1 ORDER BY sort_order ASC, cat_id ASC

SELECT count(*) FROM `test`.`ecs_category` WHERE parent_id = '548' AND is_show = 1 

SELECT count(*) FROM `test`.`ecs_category` WHERE parent_id = '549' AND is_show = 1 

SELECT count(*) FROM `test`.`ecs_category` WHERE parent_id = '550' AND is_show = 1 

SELECT count(*) FROM `test`.`ecs_category` WHERE parent_id = '551' AND is_show = 1 

SELECT count(*) FROM `test`.`ecs_category` WHERE parent_id = '552' AND is_show = 1 

SELECT count(*) FROM `test`.`ecs_category` WHERE parent_id = '553' AND is_show = 1 

SELECT count(*) FROM `test`.`ecs_category` WHERE parent_id = '555' AND is_show = 1 

SELECT count(*) FROM `test`.`ecs_category` WHERE parent_id = '572' AND is_show = 1 

SELECT count(*) FROM `test`.`ecs_category` WHERE parent_id = '534' AND is_show = 1 

SELECT cat_id, cat_name, parent_id, is_show FROM `test`.`ecs_category`WHERE parent_id = '534' AND is_show = 1 ORDER BY sort_order ASC, cat_id ASC

SELECT count(*) FROM `test`.`ecs_category` WHERE parent_id = '567' AND is_show = 1 

SELECT count(*) FROM `test`.`ecs_category` WHERE parent_id = '568' AND is_show = 1 

SELECT count(*) FROM `test`.`ecs_category` WHERE parent_id = '569' AND is_show = 1 

SELECT count(*) FROM `test`.`ecs_category` WHERE parent_id = '570' AND is_show = 1 

SELECT count(*) FROM `test`.`ecs_category` WHERE parent_id = '535' AND is_show = 1 

SELECT cat_id, cat_name, parent_id, is_show FROM `test`.`ecs_category`WHERE parent_id = '535' AND is_show = 1 ORDER BY sort_order ASC, cat_id ASC

SELECT count(*) FROM `test`.`ecs_category` WHERE parent_id = '571' AND is_show = 1 

SELECT count(*) FROM `test`.`ecs_category` WHERE parent_id = '578' AND is_show = 1 

SELECT count(*) FROM `test`.`ecs_category` WHERE parent_id = '579' AND is_show = 1 

SELECT count(*) FROM `test`.`ecs_category` WHERE parent_id = '536' AND is_show = 1 

SELECT cat_id, cat_name, parent_id, is_show FROM `test`.`ecs_category`WHERE parent_id = '536' AND is_show = 1 ORDER BY sort_order ASC, cat_id ASC

SELECT count(*) FROM `test`.`ecs_category` WHERE parent_id = '556' AND is_show = 1 

SELECT count(*) FROM `test`.`ecs_category` WHERE parent_id = '557' AND is_show = 1 

SELECT count(*) FROM `test`.`ecs_category` WHERE parent_id = '558' AND is_show = 1 

SELECT count(*) FROM `test`.`ecs_category` WHERE parent_id = '559' AND is_show = 1 

SELECT count(*) FROM `test`.`ecs_category` WHERE parent_id = '560' AND is_show = 1 

SELECT count(*) FROM `test`.`ecs_category` WHERE parent_id = '561' AND is_show = 1 

SELECT count(*) FROM `test`.`ecs_category` WHERE parent_id = '562' AND is_show = 1 

SELECT count(*) FROM `test`.`ecs_category` WHERE parent_id = '505' AND is_show = 1 

SELECT cat_id, cat_name, parent_id, is_show FROM `test`.`ecs_category`WHERE parent_id = '505' AND is_show = 1 ORDER BY sort_order ASC, cat_id ASC

SELECT count(*) FROM `test`.`ecs_category` WHERE parent_id = '334' AND is_show = 1 

SELECT cat_id, cat_name, parent_id, is_show FROM `test`.`ecs_category`WHERE parent_id = '334' AND is_show = 1 ORDER BY sort_order ASC, cat_id ASC

SELECT count(*) FROM `test`.`ecs_category` WHERE parent_id = '335' AND is_show = 1 

SELECT count(*) FROM `test`.`ecs_category` WHERE parent_id = '336' AND is_show = 1 

SELECT count(*) FROM `test`.`ecs_category` WHERE parent_id = '337' AND is_show = 1 

SELECT c.cat_id, c.cat_name, c.sort_order, a.article_id, a.title, a.file_url, a.open_type FROM `test`.`ecs_article` AS a LEFT JOIN `test`.`ecs_article_cat` AS c ON a.cat_id = c.cat_id WHERE c.cat_type = 5 AND a.is_open = 1 ORDER BY c.sort_order ASC, a.article_id

SELECT goods_id FROM `test`.`ecs_goods_cat` AS g WHERE g.cat_id  IN ('325','4','25','228','74','23','88','226','24','227','69','229','236','231','235','232','230','238','233','237','239','234','240','245','242','247','246','243','244','241','248','254','251','252','249','253','250','255','260','258','256','262','259','261','257','326','277','282','279','283','280','281','278','298','299','300','292','296','293','297','295','321','284','291','288','285','289','286','290','287','525','528','526','527','503','270','275','272','271','276','273','274','502','263','266','264','269','268','267','265','507','508','512','509','511','510','513','506','301','577','576','302','573','574','575','303','515','504','307','308','309','310','530','516','519','518','517','514','520','524','522','521','523','311','312','344','341','354','351','348','345','342','339','352','349','346','343','340','353','350','347','320','360','357','367','364','361','358','355','368','365','362','359','356','366','363','314','376','373','370','377','374','371','378','375','372','369','379','319','392','389','386','383','380','396','393','390','387','384','381','394','391','388','385','382','395','315','404','401','397','398','405','402','399','403','400','529','535','571','579','578','532','544','545','546','543','547','536','561','558','562','559','556','560','557','533','555','551','548','552','549','553','550','572','534','570','567','568','569','531','541','538','542','539','540','505','334','337','335','336') 

SELECT g.goods_id, g.goods_name, g.shop_price, g.goods_thumb, SUM(og.goods_number) as goods_number FROM `test`.`ecs_goods` AS g, `test`.`ecs_order_info` AS o, `test`.`ecs_order_goods` AS og WHERE g.is_on_sale = 1 AND g.is_alone_sale = 1 AND g.is_delete = 0 AND (g.cat_id  IN ('325','4','25','228','74','23','88','226','24','227','69','229','236','231','235','232','230','238','233','237','239','234','240','245','242','247','246','243','244','241','248','254','251','252','249','253','250','255','260','258','256','262','259','261','257','326','277','282','279','283','280','281','278','298','299','300','292','296','293','297','295','321','284','291','288','285','289','286','290','287','525','528','526','527','503','270','275','272','271','276','273','274','502','263','266','264','269','268','267','265','507','508','512','509','511','510','513','506','301','577','576','302','573','574','575','303','515','504','307','308','309','310','530','516','519','518','517','514','520','524','522','521','523','311','312','344','341','354','351','348','345','342','339','352','349','346','343','340','353','350','347','320','360','357','367','364','361','358','355','368','365','362','359','356','366','363','314','376','373','370','377','374','371','378','375','372','369','379','319','392','389','386','383','380','396','393','390','387','384','381','394','391','388','385','382','395','315','404','401','397','398','405','402','399','403','400','529','535','571','579','578','532','544','545','546','543','547','536','561','558','562','559','556','560','557','533','555','551','548','552','549','553','550','572','534','570','567','568','569','531','541','538','542','539','540','505','334','337','335','336')  OR g.goods_id IN ('') )    AND g.goods_number > 0  AND og.order_id = o.order_id AND og.goods_id = g.goods_id AND (o.order_status = '1' OR o.order_status = '5') AND (o.pay_status = '2' OR o.pay_status = '1') AND (o.shipping_status = '1' OR o.shipping_status = '2') GROUP BY g.goods_id ORDER BY goods_number DESC, g.goods_id DESC LIMIT 5

SELECT special_rank FROM `test`.`ecs_user_rank`where rank_id=0

SELECT special_rank FROM `test`.`ecs_user_rank`where rank_id=0

SELECT special_rank FROM `test`.`ecs_user_rank`where rank_id=0

SELECT special_rank FROM `test`.`ecs_user_rank`where rank_id=0

SELECT special_rank FROM `test`.`ecs_user_rank`where rank_id=0

SELECT g.goods_id, g.is_best, g.is_new, g.is_hot, g.is_promote, b.brand_name,g.sort_order  FROM `test`.`ecs_goods` AS g  LEFT JOIN `test`.`ecs_brand` AS b ON b.brand_id = g.brand_id  WHERE g.is_on_sale = 1 AND g.is_alone_sale = 1 AND g.is_delete = 0 AND (g.is_best = 1 OR g.is_new =1 OR g.is_hot = 1) ORDER BY g.sort_order, g.last_update DESC

SELECT library, number FROM `test`.`ecs_touch_template` WHERE theme = 'jiajuz' AND filename = 'index' AND remarks='' 

SELECT g.goods_id, g.goods_name, g.goods_name_style, g.market_price, g.shop_price AS org_price, g.promote_price, IFNULL(mp.user_price, g.shop_price * '1') AS shop_price, promote_start_date, promote_end_date, g.goods_brief, g.goods_thumb, g.goods_img, RAND() AS rnd FROM `test`.`ecs_goods` AS g LEFT JOIN `test`.`ecs_member_price` AS mp ON mp.goods_id = g.goods_id AND mp.user_rank = '0'  WHERE g.goods_id  IN ('1818','990','989','833','345','342','715','712','711')  ORDER BY g.sort_order, g.last_update DESC

SELECT special_rank FROM `test`.`ecs_user_rank`where rank_id=0

SELECT special_rank FROM `test`.`ecs_user_rank`where rank_id=0

SELECT special_rank FROM `test`.`ecs_user_rank`where rank_id=0

SELECT special_rank FROM `test`.`ecs_user_rank`where rank_id=0

SELECT special_rank FROM `test`.`ecs_user_rank`where rank_id=0

SELECT special_rank FROM `test`.`ecs_user_rank`where rank_id=0

SELECT special_rank FROM `test`.`ecs_user_rank`where rank_id=0

SELECT special_rank FROM `test`.`ecs_user_rank`where rank_id=0

SELECT special_rank FROM `test`.`ecs_user_rank`where rank_id=0

SELECT g.goods_id, g.goods_name, g.goods_name_style, g.market_price, g.shop_price AS org_price, g.promote_price, IFNULL(mp.user_price, g.shop_price * '1') AS shop_price, promote_start_date, promote_end_date, g.goods_brief, g.goods_thumb, goods_img, b.brand_name, g.is_best, g.is_new, g.is_hot, g.is_promote, RAND() AS rnd FROM `test`.`ecs_goods` AS g LEFT JOIN `test`.`ecs_brand` AS b ON b.brand_id = g.brand_id LEFT JOIN `test`.`ecs_member_price` AS mp ON mp.goods_id = g.goods_id AND mp.user_rank = '0' WHERE g.is_on_sale = 1 AND g.is_alone_sale = 1 AND g.is_delete = 0  AND g.is_promote = 1 AND promote_start_date <= '1478622236' AND promote_end_date >= '1478622236'  ORDER BY g.sort_order, g.last_update DESC LIMIT 4 

SELECT special_rank FROM `test`.`ecs_user_rank`where rank_id=0

SELECT special_rank FROM `test`.`ecs_user_rank`where rank_id=0

SELECT b.brand_id, b.brand_name, b.brand_logo,b.brand_banner, b.brand_desc, COUNT(*) AS goods_num, IF(b.brand_logo > '', '1', '0') AS tag FROM `test`.`ecs_brand`AS b, `test`.`ecs_goods` AS g WHERE g.brand_id = b.brand_id  AND is_show = 1  AND g.is_on_sale = 1 AND g.is_alone_sale = 1 AND g.is_delete = 0 GROUP BY b.brand_id HAVING goods_num > 0 ORDER BY tag DESC, b.sort_order ASC

SELECT act_id, act_name, act_type, start_time, end_time FROM `test`.`ecs_goods_activity` WHERE is_finished=0 AND start_time <= '1478622237' AND end_time >= '1478622237'

SELECT act_id, act_range, act_range_ext, act_name, start_time, end_time FROM `test`.`ecs_favourable_activity` WHERE start_time <= '1478622237' AND end_time >= '1478622237'

SELECT o.order_sn, o.invoice_no, s.shipping_code FROM `test`.`ecs_order_info` AS o LEFT JOIN `test`.`ecs_touch_shipping` AS s ON s.shipping_id = o.shipping_id WHERE invoice_no > '' AND shipping_status = 1 ORDER BY shipping_time DESC LIMIT 10

SELECT a.article_id, a.title, ac.cat_name, a.add_time, a.file_url, a.open_type, ac.cat_id, ac.cat_name  FROM `test`.`ecs_article` AS a, `test`.`ecs_article_cat` AS ac WHERE a.is_open = 1 AND a.cat_id = ac.cat_id AND ac.cat_type = 1 ORDER BY a.article_type DESC, a.add_time DESC LIMIT 4

SELECT gb.act_id AS group_buy_id, gb.goods_id, gb.ext_info, gb.goods_name, g.goods_thumb, g.goods_img FROM `test`.`ecs_goods_activity` AS gb, `test`.`ecs_goods` AS g WHERE gb.act_type = '1' AND g.goods_id = gb.goods_id AND gb.start_time <= '1478622237' AND gb.end_time >= '1478622237' AND g.is_delete = 0 ORDER BY gb.act_id DESC LIMIT 3

SELECT a.act_id, a.goods_id, a.goods_name, a.ext_info, g.goods_thumb FROM `test`.`ecs_goods_activity` AS a,`test`.`ecs_goods` AS g WHERE a.goods_id = g.goods_id AND a.act_type = '2' AND a.is_finished = 0 AND a.start_time <= '1478622237' AND a.end_time >= '1478622237' AND g.is_delete = 0 ORDER BY a.start_time DESC LIMIT 3

SELECT link_logo, link_name, link_url FROM `test`.`ecs_friend_link` ORDER BY show_order

SELECT c.cat_id, c.cat_name, cr.recommend_type FROM `test`.`ecs_cat_recommend` AS cr INNER JOIN `test`.`ecs_category` AS c ON cr.cat_id=c.cat_id

SELECT id, number, type FROM `test`.`ecs_touch_template` WHERE filename = 'index' AND type > 0 AND remarks ='' AND theme='jiajuz'

SELECT goods_id FROM `test`.`ecs_goods_cat` AS g WHERE g.cat_id  IN ('229','236','231','235','232','230','238','233','237','239','234') 

SELECT g.goods_id, g.goods_name, g.market_price, g.shop_price AS org_price, IFNULL(mp.user_price, g.shop_price * '1') AS shop_price, g.promote_price, promote_start_date, promote_end_date, g.goods_brief, g.goods_thumb, g.goods_img FROM `test`.`ecs_goods` AS g LEFT JOIN `test`.`ecs_member_price` AS mp ON mp.goods_id = g.goods_id AND mp.user_rank = '0' WHERE g.is_on_sale = 1 AND g.is_alone_sale = 1 AND g.is_delete = 0 AND (g.cat_id  IN ('229','236','231','235','232','230','238','233','237','239','234') OR g.goods_id IN ('') ) ORDER BY g.sort_order, g.goods_id DESC LIMIT 4

SELECT special_rank FROM `test`.`ecs_user_rank`where rank_id=0

SELECT special_rank FROM `test`.`ecs_user_rank`where rank_id=0

SELECT special_rank FROM `test`.`ecs_user_rank`where rank_id=0

SELECT special_rank FROM `test`.`ecs_user_rank`where rank_id=0

SELECT cat_name FROM `test`.`ecs_category` WHERE cat_id = '229'

SELECT count(*) FROM `test`.`ecs_category` WHERE parent_id = '229' AND is_show = 1 

SELECT cat_id, cat_name, parent_id, is_show FROM `test`.`ecs_category`WHERE parent_id = '229' AND is_show = 1 ORDER BY sort_order ASC, cat_id ASC

SELECT count(*) FROM `test`.`ecs_category` WHERE parent_id = '230' AND is_show = 1 

SELECT count(*) FROM `test`.`ecs_category` WHERE parent_id = '231' AND is_show = 1 

SELECT count(*) FROM `test`.`ecs_category` WHERE parent_id = '232' AND is_show = 1 

SELECT count(*) FROM `test`.`ecs_category` WHERE parent_id = '233' AND is_show = 1 

SELECT count(*) FROM `test`.`ecs_category` WHERE parent_id = '234' AND is_show = 1 

SELECT count(*) FROM `test`.`ecs_category` WHERE parent_id = '235' AND is_show = 1 

SELECT count(*) FROM `test`.`ecs_category` WHERE parent_id = '236' AND is_show = 1 

SELECT count(*) FROM `test`.`ecs_category` WHERE parent_id = '237' AND is_show = 1 

SELECT count(*) FROM `test`.`ecs_category` WHERE parent_id = '238' AND is_show = 1 

SELECT count(*) FROM `test`.`ecs_category` WHERE parent_id = '239' AND is_show = 1 

SELECT goods_id FROM `test`.`ecs_goods_cat` AS g WHERE g.cat_id  IN ('4','25','228','74','23','88','226','24','227','69') 

SELECT g.goods_id, g.goods_name, g.market_price, g.shop_price AS org_price, IFNULL(mp.user_price, g.shop_price * '1') AS shop_price, g.promote_price, promote_start_date, promote_end_date, g.goods_brief, g.goods_thumb, g.goods_img FROM `test`.`ecs_goods` AS g LEFT JOIN `test`.`ecs_member_price` AS mp ON mp.goods_id = g.goods_id AND mp.user_rank = '0' WHERE g.is_on_sale = 1 AND g.is_alone_sale = 1 AND g.is_delete = 0 AND (g.cat_id  IN ('4','25','228','74','23','88','226','24','227','69') OR g.goods_id IN ('') ) ORDER BY g.sort_order, g.goods_id DESC LIMIT 4

SELECT special_rank FROM `test`.`ecs_user_rank`where rank_id=0

SELECT special_rank FROM `test`.`ecs_user_rank`where rank_id=0

SELECT special_rank FROM `test`.`ecs_user_rank`where rank_id=0

SELECT special_rank FROM `test`.`ecs_user_rank`where rank_id=0

SELECT cat_name FROM `test`.`ecs_category` WHERE cat_id = '4'

SELECT count(*) FROM `test`.`ecs_category` WHERE parent_id = '4' AND is_show = 1 

SELECT cat_id, cat_name, parent_id, is_show FROM `test`.`ecs_category`WHERE parent_id = '4' AND is_show = 1 ORDER BY sort_order ASC, cat_id ASC

SELECT count(*) FROM `test`.`ecs_category` WHERE parent_id = '23' AND is_show = 1 

SELECT count(*) FROM `test`.`ecs_category` WHERE parent_id = '24' AND is_show = 1 

SELECT count(*) FROM `test`.`ecs_category` WHERE parent_id = '25' AND is_show = 1 

SELECT count(*) FROM `test`.`ecs_category` WHERE parent_id = '69' AND is_show = 1 

SELECT count(*) FROM `test`.`ecs_category` WHERE parent_id = '74' AND is_show = 1 

SELECT count(*) FROM `test`.`ecs_category` WHERE parent_id = '88' AND is_show = 1 

SELECT count(*) FROM `test`.`ecs_category` WHERE parent_id = '226' AND is_show = 1 

SELECT count(*) FROM `test`.`ecs_category` WHERE parent_id = '227' AND is_show = 1 

SELECT count(*) FROM `test`.`ecs_category` WHERE parent_id = '228' AND is_show = 1 

SELECT SUM(goods_number) AS number FROM `test`.`ecs_cart` WHERE session_id = '8373da0155d4f959e211c15879962286' AND rec_type = '0'

UPDATE `test`.`ecs_sessions` SET expiry = '1478651037', ip = '127.0.0.1', userid = '0', adminid = '0', user_name='0', user_rank='0', discount='1', email='0', data = 'a:3:{s:7:\"from_ad\";i:0;s:7:\"referer\";s:6:\"本站\";s:10:\"login_fail\";i:0;}' WHERE sesskey = '8373da0155d4f959e211c15879962286' LIMIT 1

DELETE FROM `test`.`ecs_sessions_data` WHERE expiry < 1478649237

